[2025-02-28 10:28:05] local.ERROR: SQLSTATE[HY000]: General error: 1364 Field 'location' doesn't have a default value (Connection: mysql, SQL: insert into `devices` (`name`, `updated_at`, `created_at`) values (Dispositivo B, 2025-02-28 10:28:05, 2025-02-28 10:28:05)) {"exception":"[object] (Illuminate\\Database\\QueryException(code: HY000): SQLSTATE[HY000]: General error: 1364 Field 'location' doesn't have a default value (Connection: mysql, SQL: insert into `devices` (`name`, `updated_at`, `created_at`) values (Dispositivo B, 2025-02-28 10:28:05, 2025-02-28 10:28:05)) at D:\\Workspace\\SnapBot\\gerenciamento-dispositivos-backend\\vendor\\laravel\\framework\\src\\Illuminate\\Database\\Connection.php:823)
[stacktrace]
#0 D:\\Workspace\\SnapBot\\gerenciamento-dispositivos-backend\\vendor\\laravel\\framework\\src\\Illuminate\\Database\\Connection.php(777): Illuminate\\Database\\Connection->runQueryCallback()
#1 D:\\Workspace\\SnapBot\\gerenciamento-dispositivos-backend\\vendor\\laravel\\framework\\src\\Illuminate\\Database\\MySqlConnection.php(42): Illuminate\\Database\\Connection->run()
#2 D:\\Workspace\\SnapBot\\gerenciamento-dispositivos-backend\\vendor\\laravel\\framework\\src\\Illuminate\\Database\\Query\\Processors\\MySqlProcessor.php(35): Illuminate\\Database\\MySqlConnection->insert()
#3 D:\\Workspace\\SnapBot\\gerenciamento-dispositivos-backend\\vendor\\laravel\\framework\\src\\Illuminate\\Database\\Query\\Builder.php(3766): Illuminate\\Database\\Query\\Processors\\MySqlProcessor->processInsertGetId()
#4 D:\\Workspace\\SnapBot\\gerenciamento-dispositivos-backend\\vendor\\laravel\\framework\\src\\Illuminate\\Database\\Eloquent\\Builder.php(2140): Illuminate\\Database\\Query\\Builder->insertGetId()
#5 D:\\Workspace\\SnapBot\\gerenciamento-dispositivos-backend\\vendor\\laravel\\framework\\src\\Illuminate\\Database\\Eloquent\\Model.php(1359): Illuminate\\Database\\Eloquent\\Builder->__call()
#6 D:\\Workspace\\SnapBot\\gerenciamento-dispositivos-backend\\vendor\\laravel\\framework\\src\\Illuminate\\Database\\Eloquent\\Model.php(1324): Illuminate\\Database\\Eloquent\\Model->insertAndSetId()
#7 D:\\Workspace\\SnapBot\\gerenciamento-dispositivos-backend\\vendor\\laravel\\framework\\src\\Illuminate\\Database\\Eloquent\\Model.php(1163): Illuminate\\Database\\Eloquent\\Model->performInsert()
#8 D:\\Workspace\\SnapBot\\gerenciamento-dispositivos-backend\\vendor\\laravel\\framework\\src\\Illuminate\\Database\\Eloquent\\Builder.php(1128): Illuminate\\Database\\Eloquent\\Model->save()
#9 D:\\Workspace\\SnapBot\\gerenciamento-dispositivos-backend\\vendor\\laravel\\framework\\src\\Illuminate\\Support\\helpers.php(399): Illuminate\\Database\\Eloquent\\Builder->Illuminate\\Database\\Eloquent\\{closure}()
#10 D:\\Workspace\\SnapBot\\gerenciamento-dispositivos-backend\\vendor\\laravel\\framework\\src\\Illuminate\\Database\\Eloquent\\Builder.php(1127): tap()
#11 D:\\Workspace\\SnapBot\\gerenciamento-dispositivos-backend\\vendor\\laravel\\framework\\src\\Illuminate\\Support\\Traits\\ForwardsCalls.php(23): Illuminate\\Database\\Eloquent\\Builder->create()
#12 D:\\Workspace\\SnapBot\\gerenciamento-dispositivos-backend\\vendor\\laravel\\framework\\src\\Illuminate\\Database\\Eloquent\\Model.php(2372): Illuminate\\Database\\Eloquent\\Model->forwardCallTo()
#13 D:\\Workspace\\SnapBot\\gerenciamento-dispositivos-backend\\vendor\\laravel\\framework\\src\\Illuminate\\Database\\Eloquent\\Model.php(2384): Illuminate\\Database\\Eloquent\\Model->__call()
#14 D:\\Workspace\\SnapBot\\gerenciamento-dispositivos-backend\\app\\Http\\Controllers\\DeviceController.php(29): Illuminate\\Database\\Eloquent\\Model::__callStatic()
#15 D:\\Workspace\\SnapBot\\gerenciamento-dispositivos-backend\\vendor\\laravel\\framework\\src\\Illuminate\\Routing\\ControllerDispatcher.php(47): App\\Http\\Controllers\\DeviceController->store()
#16 D:\\Workspace\\SnapBot\\gerenciamento-dispositivos-backend\\vendor\\laravel\\framework\\src\\Illuminate\\Routing\\Route.php(266): Illuminate\\Routing\\ControllerDispatcher->dispatch()
#17 D:\\Workspace\\SnapBot\\gerenciamento-dispositivos-backend\\vendor\\laravel\\framework\\src\\Illuminate\\Routing\\Route.php(212): Illuminate\\Routing\\Route->runController()
#18 D:\\Workspace\\SnapBot\\gerenciamento-dispositivos-backend\\vendor\\laravel\\framework\\src\\Illuminate\\Routing\\Router.php(808): Illuminate\\Routing\\Route->run()
#19 D:\\Workspace\\SnapBot\\gerenciamento-dispositivos-backend\\vendor\\laravel\\framework\\src\\Illuminate\\Pipeline\\Pipeline.php(170): Illuminate\\Routing\\Router->Illuminate\\Routing\\{closure}()
#20 D:\\Workspace\\SnapBot\\gerenciamento-dispositivos-backend\\vendor\\laravel\\framework\\src\\Illuminate\\Routing\\Middleware\\SubstituteBindings.php(51): Illuminate\\Pipeline\\Pipeline->Illuminate\\Pipeline\\{closure}()
#21 D:\\Workspace\\SnapBot\\gerenciamento-dispositivos-backend\\vendor\\laravel\\framework\\src\\Illuminate\\Pipeline\\Pipeline.php(209): Illuminate\\Routing\\Middleware\\SubstituteBindings->handle()
#22 D:\\Workspace\\SnapBot\\gerenciamento-dispositivos-backend\\vendor\\laravel\\framework\\src\\Illuminate\\Pipeline\\Pipeline.php(127): Illuminate\\Pipeline\\Pipeline->Illuminate\\Pipeline\\{closure}()
#23 D:\\Workspace\\SnapBot\\gerenciamento-dispositivos-backend\\vendor\\laravel\\framework\\src\\Illuminate\\Routing\\Router.php(807): Illuminate\\Pipeline\\Pipeline->then()
#24 D:\\Workspace\\SnapBot\\gerenciamento-dispositivos-backend\\vendor\\laravel\\framework\\src\\Illuminate\\Routing\\Router.php(786): Illuminate\\Routing\\Router->runRouteWithinStack()
#25 D:\\Workspace\\SnapBot\\gerenciamento-dispositivos-backend\\vendor\\laravel\\framework\\src\\Illuminate\\Routing\\Router.php(750): Illuminate\\Routing\\Router->runRoute()
#26 D:\\Workspace\\SnapBot\\gerenciamento-dispositivos-backend\\vendor\\laravel\\framework\\src\\Illuminate\\Routing\\Router.php(739): Illuminate\\Routing\\Router->dispatchToRoute()
#27 D:\\Workspace\\SnapBot\\gerenciamento-dispositivos-backend\\vendor\\laravel\\framework\\src\\Illuminate\\Foundation\\Http\\Kernel.php(201): Illuminate\\Routing\\Router->dispatch()
#28 D:\\Workspace\\SnapBot\\gerenciamento-dispositivos-backend\\vendor\\laravel\\framework\\src\\Illuminate\\Pipeline\\Pipeline.php(170): Illuminate\\Foundation\\Http\\Kernel->Illuminate\\Foundation\\Http\\{closure}()
#29 D:\\Workspace\\SnapBot\\gerenciamento-dispositivos-backend\\vendor\\laravel\\framework\\src\\Illuminate\\Foundation\\Http\\Middleware\\TransformsRequest.php(21): Illuminate\\Pipeline\\Pipeline->Illuminate\\Pipeline\\{closure}()
#30 D:\\Workspace\\SnapBot\\gerenciamento-dispositivos-backend\\vendor\\laravel\\framework\\src\\Illuminate\\Foundation\\Http\\Middleware\\ConvertEmptyStringsToNull.php(31): Illuminate\\Foundation\\Http\\Middleware\\TransformsRequest->handle()
#31 D:\\Workspace\\SnapBot\\gerenciamento-dispositivos-backend\\vendor\\laravel\\framework\\src\\Illuminate\\Pipeline\\Pipeline.php(209): Illuminate\\Foundation\\Http\\Middleware\\ConvertEmptyStringsToNull->handle()
#32 D:\\Workspace\\SnapBot\\gerenciamento-dispositivos-backend\\vendor\\laravel\\framework\\src\\Illuminate\\Foundation\\Http\\Middleware\\TransformsRequest.php(21): Illuminate\\Pipeline\\Pipeline->Illuminate\\Pipeline\\{closure}()
#33 D:\\Workspace\\SnapBot\\gerenciamento-dispositivos-backend\\vendor\\laravel\\framework\\src\\Illuminate\\Foundation\\Http\\Middleware\\TrimStrings.php(51): Illuminate\\Foundation\\Http\\Middleware\\TransformsRequest->handle()
#34 D:\\Workspace\\SnapBot\\gerenciamento-dispositivos-backend\\vendor\\laravel\\framework\\src\\Illuminate\\Pipeline\\Pipeline.php(209): Illuminate\\Foundation\\Http\\Middleware\\TrimStrings->handle()
#35 D:\\Workspace\\SnapBot\\gerenciamento-dispositivos-backend\\vendor\\laravel\\framework\\src\\Illuminate\\Http\\Middleware\\ValidatePostSize.php(27): Illuminate\\Pipeline\\Pipeline->Illuminate\\Pipeline\\{closure}()
#36 D:\\Workspace\\SnapBot\\gerenciamento-dispositivos-backend\\vendor\\laravel\\framework\\src\\Illuminate\\Pipeline\\Pipeline.php(209): Illuminate\\Http\\Middleware\\ValidatePostSize->handle()
#37 D:\\Workspace\\SnapBot\\gerenciamento-dispositivos-backend\\vendor\\laravel\\framework\\src\\Illuminate\\Foundation\\Http\\Middleware\\PreventRequestsDuringMaintenance.php(110): Illuminate\\Pipeline\\Pipeline->Illuminate\\Pipeline\\{closure}()
#38 D:\\Workspace\\SnapBot\\gerenciamento-dispositivos-backend\\vendor\\laravel\\framework\\src\\Illuminate\\Pipeline\\Pipeline.php(209): Illuminate\\Foundation\\Http\\Middleware\\PreventRequestsDuringMaintenance->handle()
#39 D:\\Workspace\\SnapBot\\gerenciamento-dispositivos-backend\\vendor\\laravel\\framework\\src\\Illuminate\\Http\\Middleware\\HandleCors.php(62): Illuminate\\Pipeline\\Pipeline->Illuminate\\Pipeline\\{closure}()
#40 D:\\Workspace\\SnapBot\\gerenciamento-dispositivos-backend\\vendor\\laravel\\framework\\src\\Illuminate\\Pipeline\\Pipeline.php(209): Illuminate\\Http\\Middleware\\HandleCors->handle()
#41 D:\\Workspace\\SnapBot\\gerenciamento-dispositivos-backend\\vendor\\laravel\\framework\\src\\Illuminate\\Http\\Middleware\\TrustProxies.php(58): Illuminate\\Pipeline\\Pipeline->Illuminate\\Pipeline\\{closure}()
#42 D:\\Workspace\\SnapBot\\gerenciamento-dispositivos-backend\\vendor\\laravel\\framework\\src\\Illuminate\\Pipeline\\Pipeline.php(209): Illuminate\\Http\\Middleware\\TrustProxies->handle()
#43 D:\\Workspace\\SnapBot\\gerenciamento-dispositivos-backend\\vendor\\laravel\\framework\\src\\Illuminate\\Foundation\\Http\\Middleware\\InvokeDeferredCallbacks.php(22): Illuminate\\Pipeline\\Pipeline->Illuminate\\Pipeline\\{closure}()
#44 D:\\Workspace\\SnapBot\\gerenciamento-dispositivos-backend\\vendor\\laravel\\framework\\src\\Illuminate\\Pipeline\\Pipeline.php(209): Illuminate\\Foundation\\Http\\Middleware\\InvokeDeferredCallbacks->handle()
#45 D:\\Workspace\\SnapBot\\gerenciamento-dispositivos-backend\\vendor\\laravel\\framework\\src\\Illuminate\\Http\\Middleware\\ValidatePathEncoding.php(26): Illuminate\\Pipeline\\Pipeline->Illuminate\\Pipeline\\{closure}()
#46 D:\\Workspace\\SnapBot\\gerenciamento-dispositivos-backend\\vendor\\laravel\\framework\\src\\Illuminate\\Pipeline\\Pipeline.php(209): Illuminate\\Http\\Middleware\\ValidatePathEncoding->handle()
#47 D:\\Workspace\\SnapBot\\gerenciamento-dispositivos-backend\\vendor\\laravel\\framework\\src\\Illuminate\\Pipeline\\Pipeline.php(127): Illuminate\\Pipeline\\Pipeline->Illuminate\\Pipeline\\{closure}()
#48 D:\\Workspace\\SnapBot\\gerenciamento-dispositivos-backend\\vendor\\laravel\\framework\\src\\Illuminate\\Foundation\\Http\\Kernel.php(176): Illuminate\\Pipeline\\Pipeline->then()
#49 D:\\Workspace\\SnapBot\\gerenciamento-dispositivos-backend\\vendor\\laravel\\framework\\src\\Illuminate\\Foundation\\Http\\Kernel.php(145): Illuminate\\Foundation\\Http\\Kernel->sendRequestThroughRouter()
#50 D:\\Workspace\\SnapBot\\gerenciamento-dispositivos-backend\\vendor\\laravel\\framework\\src\\Illuminate\\Foundation\\Application.php(1220): Illuminate\\Foundation\\Http\\Kernel->handle()
#51 D:\\Workspace\\SnapBot\\gerenciamento-dispositivos-backend\\public\\index.php(20): Illuminate\\Foundation\\Application->handleRequest()
#52 D:\\Workspace\\SnapBot\\gerenciamento-dispositivos-backend\\vendor\\laravel\\framework\\src\\Illuminate\\Foundation\\resources\\server.php(23): require_once('...')
#53 {main}

[previous exception] [object] (PDOException(code: HY000): SQLSTATE[HY000]: General error: 1364 Field 'location' doesn't have a default value at D:\\Workspace\\SnapBot\\gerenciamento-dispositivos-backend\\vendor\\laravel\\framework\\src\\Illuminate\\Database\\MySqlConnection.php:53)
[stacktrace]
#0 D:\\Workspace\\SnapBot\\gerenciamento-dispositivos-backend\\vendor\\laravel\\framework\\src\\Illuminate\\Database\\MySqlConnection.php(53): PDOStatement->execute()
#1 D:\\Workspace\\SnapBot\\gerenciamento-dispositivos-backend\\vendor\\laravel\\framework\\src\\Illuminate\\Database\\Connection.php(810): Illuminate\\Database\\MySqlConnection->Illuminate\\Database\\{closure}()
#2 D:\\Workspace\\SnapBot\\gerenciamento-dispositivos-backend\\vendor\\laravel\\framework\\src\\Illuminate\\Database\\Connection.php(777): Illuminate\\Database\\Connection->runQueryCallback()
#3 D:\\Workspace\\SnapBot\\gerenciamento-dispositivos-backend\\vendor\\laravel\\framework\\src\\Illuminate\\Database\\MySqlConnection.php(42): Illuminate\\Database\\Connection->run()
#4 D:\\Workspace\\SnapBot\\gerenciamento-dispositivos-backend\\vendor\\laravel\\framework\\src\\Illuminate\\Database\\Query\\Processors\\MySqlProcessor.php(35): Illuminate\\Database\\MySqlConnection->insert()
#5 D:\\Workspace\\SnapBot\\gerenciamento-dispositivos-backend\\vendor\\laravel\\framework\\src\\Illuminate\\Database\\Query\\Builder.php(3766): Illuminate\\Database\\Query\\Processors\\MySqlProcessor->processInsertGetId()
#6 D:\\Workspace\\SnapBot\\gerenciamento-dispositivos-backend\\vendor\\laravel\\framework\\src\\Illuminate\\Database\\Eloquent\\Builder.php(2140): Illuminate\\Database\\Query\\Builder->insertGetId()
#7 D:\\Workspace\\SnapBot\\gerenciamento-dispositivos-backend\\vendor\\laravel\\framework\\src\\Illuminate\\Database\\Eloquent\\Model.php(1359): Illuminate\\Database\\Eloquent\\Builder->__call()
#8 D:\\Workspace\\SnapBot\\gerenciamento-dispositivos-backend\\vendor\\laravel\\framework\\src\\Illuminate\\Database\\Eloquent\\Model.php(1324): Illuminate\\Database\\Eloquent\\Model->insertAndSetId()
#9 D:\\Workspace\\SnapBot\\gerenciamento-dispositivos-backend\\vendor\\laravel\\framework\\src\\Illuminate\\Database\\Eloquent\\Model.php(1163): Illuminate\\Database\\Eloquent\\Model->performInsert()
#10 D:\\Workspace\\SnapBot\\gerenciamento-dispositivos-backend\\vendor\\laravel\\framework\\src\\Illuminate\\Database\\Eloquent\\Builder.php(1128): Illuminate\\Database\\Eloquent\\Model->save()
#11 D:\\Workspace\\SnapBot\\gerenciamento-dispositivos-backend\\vendor\\laravel\\framework\\src\\Illuminate\\Support\\helpers.php(399): Illuminate\\Database\\Eloquent\\Builder->Illuminate\\Database\\Eloquent\\{closure}()
#12 D:\\Workspace\\SnapBot\\gerenciamento-dispositivos-backend\\vendor\\laravel\\framework\\src\\Illuminate\\Database\\Eloquent\\Builder.php(1127): tap()
#13 D:\\Workspace\\SnapBot\\gerenciamento-dispositivos-backend\\vendor\\laravel\\framework\\src\\Illuminate\\Support\\Traits\\ForwardsCalls.php(23): Illuminate\\Database\\Eloquent\\Builder->create()
#14 D:\\Workspace\\SnapBot\\gerenciamento-dispositivos-backend\\vendor\\laravel\\framework\\src\\Illuminate\\Database\\Eloquent\\Model.php(2372): Illuminate\\Database\\Eloquent\\Model->forwardCallTo()
#15 D:\\Workspace\\SnapBot\\gerenciamento-dispositivos-backend\\vendor\\laravel\\framework\\src\\Illuminate\\Database\\Eloquent\\Model.php(2384): Illuminate\\Database\\Eloquent\\Model->__call()
#16 D:\\Workspace\\SnapBot\\gerenciamento-dispositivos-backend\\app\\Http\\Controllers\\DeviceController.php(29): Illuminate\\Database\\Eloquent\\Model::__callStatic()
#17 D:\\Workspace\\SnapBot\\gerenciamento-dispositivos-backend\\vendor\\laravel\\framework\\src\\Illuminate\\Routing\\ControllerDispatcher.php(47): App\\Http\\Controllers\\DeviceController->store()
#18 D:\\Workspace\\SnapBot\\gerenciamento-dispositivos-backend\\vendor\\laravel\\framework\\src\\Illuminate\\Routing\\Route.php(266): Illuminate\\Routing\\ControllerDispatcher->dispatch()
#19 D:\\Workspace\\SnapBot\\gerenciamento-dispositivos-backend\\vendor\\laravel\\framework\\src\\Illuminate\\Routing\\Route.php(212): Illuminate\\Routing\\Route->runController()
#20 D:\\Workspace\\SnapBot\\gerenciamento-dispositivos-backend\\vendor\\laravel\\framework\\src\\Illuminate\\Routing\\Router.php(808): Illuminate\\Routing\\Route->run()
#21 D:\\Workspace\\SnapBot\\gerenciamento-dispositivos-backend\\vendor\\laravel\\framework\\src\\Illuminate\\Pipeline\\Pipeline.php(170): Illuminate\\Routing\\Router->Illuminate\\Routing\\{closure}()
#22 D:\\Workspace\\SnapBot\\gerenciamento-dispositivos-backend\\vendor\\laravel\\framework\\src\\Illuminate\\Routing\\Middleware\\SubstituteBindings.php(51): Illuminate\\Pipeline\\Pipeline->Illuminate\\Pipeline\\{closure}()
#23 D:\\Workspace\\SnapBot\\gerenciamento-dispositivos-backend\\vendor\\laravel\\framework\\src\\Illuminate\\Pipeline\\Pipeline.php(209): Illuminate\\Routing\\Middleware\\SubstituteBindings->handle()
#24 D:\\Workspace\\SnapBot\\gerenciamento-dispositivos-backend\\vendor\\laravel\\framework\\src\\Illuminate\\Pipeline\\Pipeline.php(127): Illuminate\\Pipeline\\Pipeline->Illuminate\\Pipeline\\{closure}()
#25 D:\\Workspace\\SnapBot\\gerenciamento-dispositivos-backend\\vendor\\laravel\\framework\\src\\Illuminate\\Routing\\Router.php(807): Illuminate\\Pipeline\\Pipeline->then()
#26 D:\\Workspace\\SnapBot\\gerenciamento-dispositivos-backend\\vendor\\laravel\\framework\\src\\Illuminate\\Routing\\Router.php(786): Illuminate\\Routing\\Router->runRouteWithinStack()
#27 D:\\Workspace\\SnapBot\\gerenciamento-dispositivos-backend\\vendor\\laravel\\framework\\src\\Illuminate\\Routing\\Router.php(750): Illuminate\\Routing\\Router->runRoute()
#28 D:\\Workspace\\SnapBot\\gerenciamento-dispositivos-backend\\vendor\\laravel\\framework\\src\\Illuminate\\Routing\\Router.php(739): Illuminate\\Routing\\Router->dispatchToRoute()
#29 D:\\Workspace\\SnapBot\\gerenciamento-dispositivos-backend\\vendor\\laravel\\framework\\src\\Illuminate\\Foundation\\Http\\Kernel.php(201): Illuminate\\Routing\\Router->dispatch()
#30 D:\\Workspace\\SnapBot\\gerenciamento-dispositivos-backend\\vendor\\laravel\\framework\\src\\Illuminate\\Pipeline\\Pipeline.php(170): Illuminate\\Foundation\\Http\\Kernel->Illuminate\\Foundation\\Http\\{closure}()
#31 D:\\Workspace\\SnapBot\\gerenciamento-dispositivos-backend\\vendor\\laravel\\framework\\src\\Illuminate\\Foundation\\Http\\Middleware\\TransformsRequest.php(21): Illuminate\\Pipeline\\Pipeline->Illuminate\\Pipeline\\{closure}()
#32 D:\\Workspace\\SnapBot\\gerenciamento-dispositivos-backend\\vendor\\laravel\\framework\\src\\Illuminate\\Foundation\\Http\\Middleware\\ConvertEmptyStringsToNull.php(31): Illuminate\\Foundation\\Http\\Middleware\\TransformsRequest->handle()
#33 D:\\Workspace\\SnapBot\\gerenciamento-dispositivos-backend\\vendor\\laravel\\framework\\src\\Illuminate\\Pipeline\\Pipeline.php(209): Illuminate\\Foundation\\Http\\Middleware\\ConvertEmptyStringsToNull->handle()
#34 D:\\Workspace\\SnapBot\\gerenciamento-dispositivos-backend\\vendor\\laravel\\framework\\src\\Illuminate\\Foundation\\Http\\Middleware\\TransformsRequest.php(21): Illuminate\\Pipeline\\Pipeline->Illuminate\\Pipeline\\{closure}()
#35 D:\\Workspace\\SnapBot\\gerenciamento-dispositivos-backend\\vendor\\laravel\\framework\\src\\Illuminate\\Foundation\\Http\\Middleware\\TrimStrings.php(51): Illuminate\\Foundation\\Http\\Middleware\\TransformsRequest->handle()
#36 D:\\Workspace\\SnapBot\\gerenciamento-dispositivos-backend\\vendor\\laravel\\framework\\src\\Illuminate\\Pipeline\\Pipeline.php(209): Illuminate\\Foundation\\Http\\Middleware\\TrimStrings->handle()
#37 D:\\Workspace\\SnapBot\\gerenciamento-dispositivos-backend\\vendor\\laravel\\framework\\src\\Illuminate\\Http\\Middleware\\ValidatePostSize.php(27): Illuminate\\Pipeline\\Pipeline->Illuminate\\Pipeline\\{closure}()
#38 D:\\Workspace\\SnapBot\\gerenciamento-dispositivos-backend\\vendor\\laravel\\framework\\src\\Illuminate\\Pipeline\\Pipeline.php(209): Illuminate\\Http\\Middleware\\ValidatePostSize->handle()
#39 D:\\Workspace\\SnapBot\\gerenciamento-dispositivos-backend\\vendor\\laravel\\framework\\src\\Illuminate\\Foundation\\Http\\Middleware\\PreventRequestsDuringMaintenance.php(110): Illuminate\\Pipeline\\Pipeline->Illuminate\\Pipeline\\{closure}()
#40 D:\\Workspace\\SnapBot\\gerenciamento-dispositivos-backend\\vendor\\laravel\\framework\\src\\Illuminate\\Pipeline\\Pipeline.php(209): Illuminate\\Foundation\\Http\\Middleware\\PreventRequestsDuringMaintenance->handle()
#41 D:\\Workspace\\SnapBot\\gerenciamento-dispositivos-backend\\vendor\\laravel\\framework\\src\\Illuminate\\Http\\Middleware\\HandleCors.php(62): Illuminate\\Pipeline\\Pipeline->Illuminate\\Pipeline\\{closure}()
#42 D:\\Workspace\\SnapBot\\gerenciamento-dispositivos-backend\\vendor\\laravel\\framework\\src\\Illuminate\\Pipeline\\Pipeline.php(209): Illuminate\\Http\\Middleware\\HandleCors->handle()
#43 D:\\Workspace\\SnapBot\\gerenciamento-dispositivos-backend\\vendor\\laravel\\framework\\src\\Illuminate\\Http\\Middleware\\TrustProxies.php(58): Illuminate\\Pipeline\\Pipeline->Illuminate\\Pipeline\\{closure}()
#44 D:\\Workspace\\SnapBot\\gerenciamento-dispositivos-backend\\vendor\\laravel\\framework\\src\\Illuminate\\Pipeline\\Pipeline.php(209): Illuminate\\Http\\Middleware\\TrustProxies->handle()
#45 D:\\Workspace\\SnapBot\\gerenciamento-dispositivos-backend\\vendor\\laravel\\framework\\src\\Illuminate\\Foundation\\Http\\Middleware\\InvokeDeferredCallbacks.php(22): Illuminate\\Pipeline\\Pipeline->Illuminate\\Pipeline\\{closure}()
#46 D:\\Workspace\\SnapBot\\gerenciamento-dispositivos-backend\\vendor\\laravel\\framework\\src\\Illuminate\\Pipeline\\Pipeline.php(209): Illuminate\\Foundation\\Http\\Middleware\\InvokeDeferredCallbacks->handle()
#47 D:\\Workspace\\SnapBot\\gerenciamento-dispositivos-backend\\vendor\\laravel\\framework\\src\\Illuminate\\Http\\Middleware\\ValidatePathEncoding.php(26): Illuminate\\Pipeline\\Pipeline->Illuminate\\Pipeline\\{closure}()
#48 D:\\Workspace\\SnapBot\\gerenciamento-dispositivos-backend\\vendor\\laravel\\framework\\src\\Illuminate\\Pipeline\\Pipeline.php(209): Illuminate\\Http\\Middleware\\ValidatePathEncoding->handle()
#49 D:\\Workspace\\SnapBot\\gerenciamento-dispositivos-backend\\vendor\\laravel\\framework\\src\\Illuminate\\Pipeline\\Pipeline.php(127): Illuminate\\Pipeline\\Pipeline->Illuminate\\Pipeline\\{closure}()
#50 D:\\Workspace\\SnapBot\\gerenciamento-dispositivos-backend\\vendor\\laravel\\framework\\src\\Illuminate\\Foundation\\Http\\Kernel.php(176): Illuminate\\Pipeline\\Pipeline->then()
#51 D:\\Workspace\\SnapBot\\gerenciamento-dispositivos-backend\\vendor\\laravel\\framework\\src\\Illuminate\\Foundation\\Http\\Kernel.php(145): Illuminate\\Foundation\\Http\\Kernel->sendRequestThroughRouter()
#52 D:\\Workspace\\SnapBot\\gerenciamento-dispositivos-backend\\vendor\\laravel\\framework\\src\\Illuminate\\Foundation\\Application.php(1220): Illuminate\\Foundation\\Http\\Kernel->handle()
#53 D:\\Workspace\\SnapBot\\gerenciamento-dispositivos-backend\\public\\index.php(20): Illuminate\\Foundation\\Application->handleRequest()
#54 D:\\Workspace\\SnapBot\\gerenciamento-dispositivos-backend\\vendor\\laravel\\framework\\src\\Illuminate\\Foundation\\resources\\server.php(23): require_once('...')
#55 {main}
"} 
[2025-02-28 10:31:24] local.ERROR: SQLSTATE[HY000]: General error: 1364 Field 'location' doesn't have a default value (Connection: mysql, SQL: insert into `devices` (`name`, `updated_at`, `created_at`) values (TentativaCreate, 2025-02-28 10:31:24, 2025-02-28 10:31:24)) {"exception":"[object] (Illuminate\\Database\\QueryException(code: HY000): SQLSTATE[HY000]: General error: 1364 Field 'location' doesn't have a default value (Connection: mysql, SQL: insert into `devices` (`name`, `updated_at`, `created_at`) values (TentativaCreate, 2025-02-28 10:31:24, 2025-02-28 10:31:24)) at D:\\Workspace\\SnapBot\\gerenciamento-dispositivos-backend\\vendor\\laravel\\framework\\src\\Illuminate\\Database\\Connection.php:823)
[stacktrace]
#0 D:\\Workspace\\SnapBot\\gerenciamento-dispositivos-backend\\vendor\\laravel\\framework\\src\\Illuminate\\Database\\Connection.php(777): Illuminate\\Database\\Connection->runQueryCallback()
#1 D:\\Workspace\\SnapBot\\gerenciamento-dispositivos-backend\\vendor\\laravel\\framework\\src\\Illuminate\\Database\\MySqlConnection.php(42): Illuminate\\Database\\Connection->run()
#2 D:\\Workspace\\SnapBot\\gerenciamento-dispositivos-backend\\vendor\\laravel\\framework\\src\\Illuminate\\Database\\Query\\Processors\\MySqlProcessor.php(35): Illuminate\\Database\\MySqlConnection->insert()
#3 D:\\Workspace\\SnapBot\\gerenciamento-dispositivos-backend\\vendor\\laravel\\framework\\src\\Illuminate\\Database\\Query\\Builder.php(3766): Illuminate\\Database\\Query\\Processors\\MySqlProcessor->processInsertGetId()
#4 D:\\Workspace\\SnapBot\\gerenciamento-dispositivos-backend\\vendor\\laravel\\framework\\src\\Illuminate\\Database\\Eloquent\\Builder.php(2140): Illuminate\\Database\\Query\\Builder->insertGetId()
#5 D:\\Workspace\\SnapBot\\gerenciamento-dispositivos-backend\\vendor\\laravel\\framework\\src\\Illuminate\\Database\\Eloquent\\Model.php(1359): Illuminate\\Database\\Eloquent\\Builder->__call()
#6 D:\\Workspace\\SnapBot\\gerenciamento-dispositivos-backend\\vendor\\laravel\\framework\\src\\Illuminate\\Database\\Eloquent\\Model.php(1324): Illuminate\\Database\\Eloquent\\Model->insertAndSetId()
#7 D:\\Workspace\\SnapBot\\gerenciamento-dispositivos-backend\\vendor\\laravel\\framework\\src\\Illuminate\\Database\\Eloquent\\Model.php(1163): Illuminate\\Database\\Eloquent\\Model->performInsert()
#8 D:\\Workspace\\SnapBot\\gerenciamento-dispositivos-backend\\vendor\\laravel\\framework\\src\\Illuminate\\Database\\Eloquent\\Builder.php(1128): Illuminate\\Database\\Eloquent\\Model->save()
#9 D:\\Workspace\\SnapBot\\gerenciamento-dispositivos-backend\\vendor\\laravel\\framework\\src\\Illuminate\\Support\\helpers.php(399): Illuminate\\Database\\Eloquent\\Builder->Illuminate\\Database\\Eloquent\\{closure}()
#10 D:\\Workspace\\SnapBot\\gerenciamento-dispositivos-backend\\vendor\\laravel\\framework\\src\\Illuminate\\Database\\Eloquent\\Builder.php(1127): tap()
#11 D:\\Workspace\\SnapBot\\gerenciamento-dispositivos-backend\\vendor\\laravel\\framework\\src\\Illuminate\\Support\\Traits\\ForwardsCalls.php(23): Illuminate\\Database\\Eloquent\\Builder->create()
#12 D:\\Workspace\\SnapBot\\gerenciamento-dispositivos-backend\\vendor\\laravel\\framework\\src\\Illuminate\\Database\\Eloquent\\Model.php(2372): Illuminate\\Database\\Eloquent\\Model->forwardCallTo()
#13 D:\\Workspace\\SnapBot\\gerenciamento-dispositivos-backend\\vendor\\laravel\\framework\\src\\Illuminate\\Database\\Eloquent\\Model.php(2384): Illuminate\\Database\\Eloquent\\Model->__call()
#14 D:\\Workspace\\SnapBot\\gerenciamento-dispositivos-backend\\app\\Http\\Controllers\\DeviceController.php(29): Illuminate\\Database\\Eloquent\\Model::__callStatic()
#15 D:\\Workspace\\SnapBot\\gerenciamento-dispositivos-backend\\vendor\\laravel\\framework\\src\\Illuminate\\Routing\\ControllerDispatcher.php(47): App\\Http\\Controllers\\DeviceController->store()
#16 D:\\Workspace\\SnapBot\\gerenciamento-dispositivos-backend\\vendor\\laravel\\framework\\src\\Illuminate\\Routing\\Route.php(266): Illuminate\\Routing\\ControllerDispatcher->dispatch()
#17 D:\\Workspace\\SnapBot\\gerenciamento-dispositivos-backend\\vendor\\laravel\\framework\\src\\Illuminate\\Routing\\Route.php(212): Illuminate\\Routing\\Route->runController()
#18 D:\\Workspace\\SnapBot\\gerenciamento-dispositivos-backend\\vendor\\laravel\\framework\\src\\Illuminate\\Routing\\Router.php(808): Illuminate\\Routing\\Route->run()
#19 D:\\Workspace\\SnapBot\\gerenciamento-dispositivos-backend\\vendor\\laravel\\framework\\src\\Illuminate\\Pipeline\\Pipeline.php(170): Illuminate\\Routing\\Router->Illuminate\\Routing\\{closure}()
#20 D:\\Workspace\\SnapBot\\gerenciamento-dispositivos-backend\\vendor\\laravel\\framework\\src\\Illuminate\\Routing\\Middleware\\SubstituteBindings.php(51): Illuminate\\Pipeline\\Pipeline->Illuminate\\Pipeline\\{closure}()
#21 D:\\Workspace\\SnapBot\\gerenciamento-dispositivos-backend\\vendor\\laravel\\framework\\src\\Illuminate\\Pipeline\\Pipeline.php(209): Illuminate\\Routing\\Middleware\\SubstituteBindings->handle()
#22 D:\\Workspace\\SnapBot\\gerenciamento-dispositivos-backend\\vendor\\laravel\\framework\\src\\Illuminate\\Pipeline\\Pipeline.php(127): Illuminate\\Pipeline\\Pipeline->Illuminate\\Pipeline\\{closure}()
#23 D:\\Workspace\\SnapBot\\gerenciamento-dispositivos-backend\\vendor\\laravel\\framework\\src\\Illuminate\\Routing\\Router.php(807): Illuminate\\Pipeline\\Pipeline->then()
#24 D:\\Workspace\\SnapBot\\gerenciamento-dispositivos-backend\\vendor\\laravel\\framework\\src\\Illuminate\\Routing\\Router.php(786): Illuminate\\Routing\\Router->runRouteWithinStack()
#25 D:\\Workspace\\SnapBot\\gerenciamento-dispositivos-backend\\vendor\\laravel\\framework\\src\\Illuminate\\Routing\\Router.php(750): Illuminate\\Routing\\Router->runRoute()
#26 D:\\Workspace\\SnapBot\\gerenciamento-dispositivos-backend\\vendor\\laravel\\framework\\src\\Illuminate\\Routing\\Router.php(739): Illuminate\\Routing\\Router->dispatchToRoute()
#27 D:\\Workspace\\SnapBot\\gerenciamento-dispositivos-backend\\vendor\\laravel\\framework\\src\\Illuminate\\Foundation\\Http\\Kernel.php(201): Illuminate\\Routing\\Router->dispatch()
#28 D:\\Workspace\\SnapBot\\gerenciamento-dispositivos-backend\\vendor\\laravel\\framework\\src\\Illuminate\\Pipeline\\Pipeline.php(170): Illuminate\\Foundation\\Http\\Kernel->Illuminate\\Foundation\\Http\\{closure}()
#29 D:\\Workspace\\SnapBot\\gerenciamento-dispositivos-backend\\vendor\\laravel\\framework\\src\\Illuminate\\Foundation\\Http\\Middleware\\TransformsRequest.php(21): Illuminate\\Pipeline\\Pipeline->Illuminate\\Pipeline\\{closure}()
#30 D:\\Workspace\\SnapBot\\gerenciamento-dispositivos-backend\\vendor\\laravel\\framework\\src\\Illuminate\\Foundation\\Http\\Middleware\\ConvertEmptyStringsToNull.php(31): Illuminate\\Foundation\\Http\\Middleware\\TransformsRequest->handle()
#31 D:\\Workspace\\SnapBot\\gerenciamento-dispositivos-backend\\vendor\\laravel\\framework\\src\\Illuminate\\Pipeline\\Pipeline.php(209): Illuminate\\Foundation\\Http\\Middleware\\ConvertEmptyStringsToNull->handle()
#32 D:\\Workspace\\SnapBot\\gerenciamento-dispositivos-backend\\vendor\\laravel\\framework\\src\\Illuminate\\Foundation\\Http\\Middleware\\TransformsRequest.php(21): Illuminate\\Pipeline\\Pipeline->Illuminate\\Pipeline\\{closure}()
#33 D:\\Workspace\\SnapBot\\gerenciamento-dispositivos-backend\\vendor\\laravel\\framework\\src\\Illuminate\\Foundation\\Http\\Middleware\\TrimStrings.php(51): Illuminate\\Foundation\\Http\\Middleware\\TransformsRequest->handle()
#34 D:\\Workspace\\SnapBot\\gerenciamento-dispositivos-backend\\vendor\\laravel\\framework\\src\\Illuminate\\Pipeline\\Pipeline.php(209): Illuminate\\Foundation\\Http\\Middleware\\TrimStrings->handle()
#35 D:\\Workspace\\SnapBot\\gerenciamento-dispositivos-backend\\vendor\\laravel\\framework\\src\\Illuminate\\Http\\Middleware\\ValidatePostSize.php(27): Illuminate\\Pipeline\\Pipeline->Illuminate\\Pipeline\\{closure}()
#36 D:\\Workspace\\SnapBot\\gerenciamento-dispositivos-backend\\vendor\\laravel\\framework\\src\\Illuminate\\Pipeline\\Pipeline.php(209): Illuminate\\Http\\Middleware\\ValidatePostSize->handle()
#37 D:\\Workspace\\SnapBot\\gerenciamento-dispositivos-backend\\vendor\\laravel\\framework\\src\\Illuminate\\Foundation\\Http\\Middleware\\PreventRequestsDuringMaintenance.php(110): Illuminate\\Pipeline\\Pipeline->Illuminate\\Pipeline\\{closure}()
#38 D:\\Workspace\\SnapBot\\gerenciamento-dispositivos-backend\\vendor\\laravel\\framework\\src\\Illuminate\\Pipeline\\Pipeline.php(209): Illuminate\\Foundation\\Http\\Middleware\\PreventRequestsDuringMaintenance->handle()
#39 D:\\Workspace\\SnapBot\\gerenciamento-dispositivos-backend\\vendor\\laravel\\framework\\src\\Illuminate\\Http\\Middleware\\HandleCors.php(62): Illuminate\\Pipeline\\Pipeline->Illuminate\\Pipeline\\{closure}()
#40 D:\\Workspace\\SnapBot\\gerenciamento-dispositivos-backend\\vendor\\laravel\\framework\\src\\Illuminate\\Pipeline\\Pipeline.php(209): Illuminate\\Http\\Middleware\\HandleCors->handle()
#41 D:\\Workspace\\SnapBot\\gerenciamento-dispositivos-backend\\vendor\\laravel\\framework\\src\\Illuminate\\Http\\Middleware\\TrustProxies.php(58): Illuminate\\Pipeline\\Pipeline->Illuminate\\Pipeline\\{closure}()
#42 D:\\Workspace\\SnapBot\\gerenciamento-dispositivos-backend\\vendor\\laravel\\framework\\src\\Illuminate\\Pipeline\\Pipeline.php(209): Illuminate\\Http\\Middleware\\TrustProxies->handle()
#43 D:\\Workspace\\SnapBot\\gerenciamento-dispositivos-backend\\vendor\\laravel\\framework\\src\\Illuminate\\Foundation\\Http\\Middleware\\InvokeDeferredCallbacks.php(22): Illuminate\\Pipeline\\Pipeline->Illuminate\\Pipeline\\{closure}()
#44 D:\\Workspace\\SnapBot\\gerenciamento-dispositivos-backend\\vendor\\laravel\\framework\\src\\Illuminate\\Pipeline\\Pipeline.php(209): Illuminate\\Foundation\\Http\\Middleware\\InvokeDeferredCallbacks->handle()
#45 D:\\Workspace\\SnapBot\\gerenciamento-dispositivos-backend\\vendor\\laravel\\framework\\src\\Illuminate\\Http\\Middleware\\ValidatePathEncoding.php(26): Illuminate\\Pipeline\\Pipeline->Illuminate\\Pipeline\\{closure}()
#46 D:\\Workspace\\SnapBot\\gerenciamento-dispositivos-backend\\vendor\\laravel\\framework\\src\\Illuminate\\Pipeline\\Pipeline.php(209): Illuminate\\Http\\Middleware\\ValidatePathEncoding->handle()
#47 D:\\Workspace\\SnapBot\\gerenciamento-dispositivos-backend\\vendor\\laravel\\framework\\src\\Illuminate\\Pipeline\\Pipeline.php(127): Illuminate\\Pipeline\\Pipeline->Illuminate\\Pipeline\\{closure}()
#48 D:\\Workspace\\SnapBot\\gerenciamento-dispositivos-backend\\vendor\\laravel\\framework\\src\\Illuminate\\Foundation\\Http\\Kernel.php(176): Illuminate\\Pipeline\\Pipeline->then()
#49 D:\\Workspace\\SnapBot\\gerenciamento-dispositivos-backend\\vendor\\laravel\\framework\\src\\Illuminate\\Foundation\\Http\\Kernel.php(145): Illuminate\\Foundation\\Http\\Kernel->sendRequestThroughRouter()
#50 D:\\Workspace\\SnapBot\\gerenciamento-dispositivos-backend\\vendor\\laravel\\framework\\src\\Illuminate\\Foundation\\Application.php(1220): Illuminate\\Foundation\\Http\\Kernel->handle()
#51 D:\\Workspace\\SnapBot\\gerenciamento-dispositivos-backend\\public\\index.php(20): Illuminate\\Foundation\\Application->handleRequest()
#52 D:\\Workspace\\SnapBot\\gerenciamento-dispositivos-backend\\vendor\\laravel\\framework\\src\\Illuminate\\Foundation\\resources\\server.php(23): require_once('...')
#53 {main}

[previous exception] [object] (PDOException(code: HY000): SQLSTATE[HY000]: General error: 1364 Field 'location' doesn't have a default value at D:\\Workspace\\SnapBot\\gerenciamento-dispositivos-backend\\vendor\\laravel\\framework\\src\\Illuminate\\Database\\MySqlConnection.php:53)
[stacktrace]
#0 D:\\Workspace\\SnapBot\\gerenciamento-dispositivos-backend\\vendor\\laravel\\framework\\src\\Illuminate\\Database\\MySqlConnection.php(53): PDOStatement->execute()
#1 D:\\Workspace\\SnapBot\\gerenciamento-dispositivos-backend\\vendor\\laravel\\framework\\src\\Illuminate\\Database\\Connection.php(810): Illuminate\\Database\\MySqlConnection->Illuminate\\Database\\{closure}()
#2 D:\\Workspace\\SnapBot\\gerenciamento-dispositivos-backend\\vendor\\laravel\\framework\\src\\Illuminate\\Database\\Connection.php(777): Illuminate\\Database\\Connection->runQueryCallback()
#3 D:\\Workspace\\SnapBot\\gerenciamento-dispositivos-backend\\vendor\\laravel\\framework\\src\\Illuminate\\Database\\MySqlConnection.php(42): Illuminate\\Database\\Connection->run()
#4 D:\\Workspace\\SnapBot\\gerenciamento-dispositivos-backend\\vendor\\laravel\\framework\\src\\Illuminate\\Database\\Query\\Processors\\MySqlProcessor.php(35): Illuminate\\Database\\MySqlConnection->insert()
#5 D:\\Workspace\\SnapBot\\gerenciamento-dispositivos-backend\\vendor\\laravel\\framework\\src\\Illuminate\\Database\\Query\\Builder.php(3766): Illuminate\\Database\\Query\\Processors\\MySqlProcessor->processInsertGetId()
#6 D:\\Workspace\\SnapBot\\gerenciamento-dispositivos-backend\\vendor\\laravel\\framework\\src\\Illuminate\\Database\\Eloquent\\Builder.php(2140): Illuminate\\Database\\Query\\Builder->insertGetId()
#7 D:\\Workspace\\SnapBot\\gerenciamento-dispositivos-backend\\vendor\\laravel\\framework\\src\\Illuminate\\Database\\Eloquent\\Model.php(1359): Illuminate\\Database\\Eloquent\\Builder->__call()
#8 D:\\Workspace\\SnapBot\\gerenciamento-dispositivos-backend\\vendor\\laravel\\framework\\src\\Illuminate\\Database\\Eloquent\\Model.php(1324): Illuminate\\Database\\Eloquent\\Model->insertAndSetId()
#9 D:\\Workspace\\SnapBot\\gerenciamento-dispositivos-backend\\vendor\\laravel\\framework\\src\\Illuminate\\Database\\Eloquent\\Model.php(1163): Illuminate\\Database\\Eloquent\\Model->performInsert()
#10 D:\\Workspace\\SnapBot\\gerenciamento-dispositivos-backend\\vendor\\laravel\\framework\\src\\Illuminate\\Database\\Eloquent\\Builder.php(1128): Illuminate\\Database\\Eloquent\\Model->save()
#11 D:\\Workspace\\SnapBot\\gerenciamento-dispositivos-backend\\vendor\\laravel\\framework\\src\\Illuminate\\Support\\helpers.php(399): Illuminate\\Database\\Eloquent\\Builder->Illuminate\\Database\\Eloquent\\{closure}()
#12 D:\\Workspace\\SnapBot\\gerenciamento-dispositivos-backend\\vendor\\laravel\\framework\\src\\Illuminate\\Database\\Eloquent\\Builder.php(1127): tap()
#13 D:\\Workspace\\SnapBot\\gerenciamento-dispositivos-backend\\vendor\\laravel\\framework\\src\\Illuminate\\Support\\Traits\\ForwardsCalls.php(23): Illuminate\\Database\\Eloquent\\Builder->create()
#14 D:\\Workspace\\SnapBot\\gerenciamento-dispositivos-backend\\vendor\\laravel\\framework\\src\\Illuminate\\Database\\Eloquent\\Model.php(2372): Illuminate\\Database\\Eloquent\\Model->forwardCallTo()
#15 D:\\Workspace\\SnapBot\\gerenciamento-dispositivos-backend\\vendor\\laravel\\framework\\src\\Illuminate\\Database\\Eloquent\\Model.php(2384): Illuminate\\Database\\Eloquent\\Model->__call()
#16 D:\\Workspace\\SnapBot\\gerenciamento-dispositivos-backend\\app\\Http\\Controllers\\DeviceController.php(29): Illuminate\\Database\\Eloquent\\Model::__callStatic()
#17 D:\\Workspace\\SnapBot\\gerenciamento-dispositivos-backend\\vendor\\laravel\\framework\\src\\Illuminate\\Routing\\ControllerDispatcher.php(47): App\\Http\\Controllers\\DeviceController->store()
#18 D:\\Workspace\\SnapBot\\gerenciamento-dispositivos-backend\\vendor\\laravel\\framework\\src\\Illuminate\\Routing\\Route.php(266): Illuminate\\Routing\\ControllerDispatcher->dispatch()
#19 D:\\Workspace\\SnapBot\\gerenciamento-dispositivos-backend\\vendor\\laravel\\framework\\src\\Illuminate\\Routing\\Route.php(212): Illuminate\\Routing\\Route->runController()
#20 D:\\Workspace\\SnapBot\\gerenciamento-dispositivos-backend\\vendor\\laravel\\framework\\src\\Illuminate\\Routing\\Router.php(808): Illuminate\\Routing\\Route->run()
#21 D:\\Workspace\\SnapBot\\gerenciamento-dispositivos-backend\\vendor\\laravel\\framework\\src\\Illuminate\\Pipeline\\Pipeline.php(170): Illuminate\\Routing\\Router->Illuminate\\Routing\\{closure}()
#22 D:\\Workspace\\SnapBot\\gerenciamento-dispositivos-backend\\vendor\\laravel\\framework\\src\\Illuminate\\Routing\\Middleware\\SubstituteBindings.php(51): Illuminate\\Pipeline\\Pipeline->Illuminate\\Pipeline\\{closure}()
#23 D:\\Workspace\\SnapBot\\gerenciamento-dispositivos-backend\\vendor\\laravel\\framework\\src\\Illuminate\\Pipeline\\Pipeline.php(209): Illuminate\\Routing\\Middleware\\SubstituteBindings->handle()
#24 D:\\Workspace\\SnapBot\\gerenciamento-dispositivos-backend\\vendor\\laravel\\framework\\src\\Illuminate\\Pipeline\\Pipeline.php(127): Illuminate\\Pipeline\\Pipeline->Illuminate\\Pipeline\\{closure}()
#25 D:\\Workspace\\SnapBot\\gerenciamento-dispositivos-backend\\vendor\\laravel\\framework\\src\\Illuminate\\Routing\\Router.php(807): Illuminate\\Pipeline\\Pipeline->then()
#26 D:\\Workspace\\SnapBot\\gerenciamento-dispositivos-backend\\vendor\\laravel\\framework\\src\\Illuminate\\Routing\\Router.php(786): Illuminate\\Routing\\Router->runRouteWithinStack()
#27 D:\\Workspace\\SnapBot\\gerenciamento-dispositivos-backend\\vendor\\laravel\\framework\\src\\Illuminate\\Routing\\Router.php(750): Illuminate\\Routing\\Router->runRoute()
#28 D:\\Workspace\\SnapBot\\gerenciamento-dispositivos-backend\\vendor\\laravel\\framework\\src\\Illuminate\\Routing\\Router.php(739): Illuminate\\Routing\\Router->dispatchToRoute()
#29 D:\\Workspace\\SnapBot\\gerenciamento-dispositivos-backend\\vendor\\laravel\\framework\\src\\Illuminate\\Foundation\\Http\\Kernel.php(201): Illuminate\\Routing\\Router->dispatch()
#30 D:\\Workspace\\SnapBot\\gerenciamento-dispositivos-backend\\vendor\\laravel\\framework\\src\\Illuminate\\Pipeline\\Pipeline.php(170): Illuminate\\Foundation\\Http\\Kernel->Illuminate\\Foundation\\Http\\{closure}()
#31 D:\\Workspace\\SnapBot\\gerenciamento-dispositivos-backend\\vendor\\laravel\\framework\\src\\Illuminate\\Foundation\\Http\\Middleware\\TransformsRequest.php(21): Illuminate\\Pipeline\\Pipeline->Illuminate\\Pipeline\\{closure}()
#32 D:\\Workspace\\SnapBot\\gerenciamento-dispositivos-backend\\vendor\\laravel\\framework\\src\\Illuminate\\Foundation\\Http\\Middleware\\ConvertEmptyStringsToNull.php(31): Illuminate\\Foundation\\Http\\Middleware\\TransformsRequest->handle()
#33 D:\\Workspace\\SnapBot\\gerenciamento-dispositivos-backend\\vendor\\laravel\\framework\\src\\Illuminate\\Pipeline\\Pipeline.php(209): Illuminate\\Foundation\\Http\\Middleware\\ConvertEmptyStringsToNull->handle()
#34 D:\\Workspace\\SnapBot\\gerenciamento-dispositivos-backend\\vendor\\laravel\\framework\\src\\Illuminate\\Foundation\\Http\\Middleware\\TransformsRequest.php(21): Illuminate\\Pipeline\\Pipeline->Illuminate\\Pipeline\\{closure}()
#35 D:\\Workspace\\SnapBot\\gerenciamento-dispositivos-backend\\vendor\\laravel\\framework\\src\\Illuminate\\Foundation\\Http\\Middleware\\TrimStrings.php(51): Illuminate\\Foundation\\Http\\Middleware\\TransformsRequest->handle()
#36 D:\\Workspace\\SnapBot\\gerenciamento-dispositivos-backend\\vendor\\laravel\\framework\\src\\Illuminate\\Pipeline\\Pipeline.php(209): Illuminate\\Foundation\\Http\\Middleware\\TrimStrings->handle()
#37 D:\\Workspace\\SnapBot\\gerenciamento-dispositivos-backend\\vendor\\laravel\\framework\\src\\Illuminate\\Http\\Middleware\\ValidatePostSize.php(27): Illuminate\\Pipeline\\Pipeline->Illuminate\\Pipeline\\{closure}()
#38 D:\\Workspace\\SnapBot\\gerenciamento-dispositivos-backend\\vendor\\laravel\\framework\\src\\Illuminate\\Pipeline\\Pipeline.php(209): Illuminate\\Http\\Middleware\\ValidatePostSize->handle()
#39 D:\\Workspace\\SnapBot\\gerenciamento-dispositivos-backend\\vendor\\laravel\\framework\\src\\Illuminate\\Foundation\\Http\\Middleware\\PreventRequestsDuringMaintenance.php(110): Illuminate\\Pipeline\\Pipeline->Illuminate\\Pipeline\\{closure}()
#40 D:\\Workspace\\SnapBot\\gerenciamento-dispositivos-backend\\vendor\\laravel\\framework\\src\\Illuminate\\Pipeline\\Pipeline.php(209): Illuminate\\Foundation\\Http\\Middleware\\PreventRequestsDuringMaintenance->handle()
#41 D:\\Workspace\\SnapBot\\gerenciamento-dispositivos-backend\\vendor\\laravel\\framework\\src\\Illuminate\\Http\\Middleware\\HandleCors.php(62): Illuminate\\Pipeline\\Pipeline->Illuminate\\Pipeline\\{closure}()
#42 D:\\Workspace\\SnapBot\\gerenciamento-dispositivos-backend\\vendor\\laravel\\framework\\src\\Illuminate\\Pipeline\\Pipeline.php(209): Illuminate\\Http\\Middleware\\HandleCors->handle()
#43 D:\\Workspace\\SnapBot\\gerenciamento-dispositivos-backend\\vendor\\laravel\\framework\\src\\Illuminate\\Http\\Middleware\\TrustProxies.php(58): Illuminate\\Pipeline\\Pipeline->Illuminate\\Pipeline\\{closure}()
#44 D:\\Workspace\\SnapBot\\gerenciamento-dispositivos-backend\\vendor\\laravel\\framework\\src\\Illuminate\\Pipeline\\Pipeline.php(209): Illuminate\\Http\\Middleware\\TrustProxies->handle()
#45 D:\\Workspace\\SnapBot\\gerenciamento-dispositivos-backend\\vendor\\laravel\\framework\\src\\Illuminate\\Foundation\\Http\\Middleware\\InvokeDeferredCallbacks.php(22): Illuminate\\Pipeline\\Pipeline->Illuminate\\Pipeline\\{closure}()
#46 D:\\Workspace\\SnapBot\\gerenciamento-dispositivos-backend\\vendor\\laravel\\framework\\src\\Illuminate\\Pipeline\\Pipeline.php(209): Illuminate\\Foundation\\Http\\Middleware\\InvokeDeferredCallbacks->handle()
#47 D:\\Workspace\\SnapBot\\gerenciamento-dispositivos-backend\\vendor\\laravel\\framework\\src\\Illuminate\\Http\\Middleware\\ValidatePathEncoding.php(26): Illuminate\\Pipeline\\Pipeline->Illuminate\\Pipeline\\{closure}()
#48 D:\\Workspace\\SnapBot\\gerenciamento-dispositivos-backend\\vendor\\laravel\\framework\\src\\Illuminate\\Pipeline\\Pipeline.php(209): Illuminate\\Http\\Middleware\\ValidatePathEncoding->handle()
#49 D:\\Workspace\\SnapBot\\gerenciamento-dispositivos-backend\\vendor\\laravel\\framework\\src\\Illuminate\\Pipeline\\Pipeline.php(127): Illuminate\\Pipeline\\Pipeline->Illuminate\\Pipeline\\{closure}()
#50 D:\\Workspace\\SnapBot\\gerenciamento-dispositivos-backend\\vendor\\laravel\\framework\\src\\Illuminate\\Foundation\\Http\\Kernel.php(176): Illuminate\\Pipeline\\Pipeline->then()
#51 D:\\Workspace\\SnapBot\\gerenciamento-dispositivos-backend\\vendor\\laravel\\framework\\src\\Illuminate\\Foundation\\Http\\Kernel.php(145): Illuminate\\Foundation\\Http\\Kernel->sendRequestThroughRouter()
#52 D:\\Workspace\\SnapBot\\gerenciamento-dispositivos-backend\\vendor\\laravel\\framework\\src\\Illuminate\\Foundation\\Application.php(1220): Illuminate\\Foundation\\Http\\Kernel->handle()
#53 D:\\Workspace\\SnapBot\\gerenciamento-dispositivos-backend\\public\\index.php(20): Illuminate\\Foundation\\Application->handleRequest()
#54 D:\\Workspace\\SnapBot\\gerenciamento-dispositivos-backend\\vendor\\laravel\\framework\\src\\Illuminate\\Foundation\\resources\\server.php(23): require_once('...')
#55 {main}
"} 
[2025-02-28 10:45:25] local.ERROR: SQLSTATE[HY000]: General error: 1364 Field 'location' doesn't have a default value (Connection: mysql, SQL: insert into `devices` (`name`, `updated_at`, `created_at`) values (TentativaCreate2, 2025-02-28 10:45:25, 2025-02-28 10:45:25)) {"exception":"[object] (Illuminate\\Database\\QueryException(code: HY000): SQLSTATE[HY000]: General error: 1364 Field 'location' doesn't have a default value (Connection: mysql, SQL: insert into `devices` (`name`, `updated_at`, `created_at`) values (TentativaCreate2, 2025-02-28 10:45:25, 2025-02-28 10:45:25)) at D:\\Workspace\\SnapBot\\gerenciamento-dispositivos-backend\\vendor\\laravel\\framework\\src\\Illuminate\\Database\\Connection.php:823)
[stacktrace]
#0 D:\\Workspace\\SnapBot\\gerenciamento-dispositivos-backend\\vendor\\laravel\\framework\\src\\Illuminate\\Database\\Connection.php(777): Illuminate\\Database\\Connection->runQueryCallback()
#1 D:\\Workspace\\SnapBot\\gerenciamento-dispositivos-backend\\vendor\\laravel\\framework\\src\\Illuminate\\Database\\MySqlConnection.php(42): Illuminate\\Database\\Connection->run()
#2 D:\\Workspace\\SnapBot\\gerenciamento-dispositivos-backend\\vendor\\laravel\\framework\\src\\Illuminate\\Database\\Query\\Processors\\MySqlProcessor.php(35): Illuminate\\Database\\MySqlConnection->insert()
#3 D:\\Workspace\\SnapBot\\gerenciamento-dispositivos-backend\\vendor\\laravel\\framework\\src\\Illuminate\\Database\\Query\\Builder.php(3766): Illuminate\\Database\\Query\\Processors\\MySqlProcessor->processInsertGetId()
#4 D:\\Workspace\\SnapBot\\gerenciamento-dispositivos-backend\\vendor\\laravel\\framework\\src\\Illuminate\\Database\\Eloquent\\Builder.php(2140): Illuminate\\Database\\Query\\Builder->insertGetId()
#5 D:\\Workspace\\SnapBot\\gerenciamento-dispositivos-backend\\vendor\\laravel\\framework\\src\\Illuminate\\Database\\Eloquent\\Model.php(1359): Illuminate\\Database\\Eloquent\\Builder->__call()
#6 D:\\Workspace\\SnapBot\\gerenciamento-dispositivos-backend\\vendor\\laravel\\framework\\src\\Illuminate\\Database\\Eloquent\\Model.php(1324): Illuminate\\Database\\Eloquent\\Model->insertAndSetId()
#7 D:\\Workspace\\SnapBot\\gerenciamento-dispositivos-backend\\vendor\\laravel\\framework\\src\\Illuminate\\Database\\Eloquent\\Model.php(1163): Illuminate\\Database\\Eloquent\\Model->performInsert()
#8 D:\\Workspace\\SnapBot\\gerenciamento-dispositivos-backend\\vendor\\laravel\\framework\\src\\Illuminate\\Database\\Eloquent\\Builder.php(1128): Illuminate\\Database\\Eloquent\\Model->save()
#9 D:\\Workspace\\SnapBot\\gerenciamento-dispositivos-backend\\vendor\\laravel\\framework\\src\\Illuminate\\Support\\helpers.php(399): Illuminate\\Database\\Eloquent\\Builder->Illuminate\\Database\\Eloquent\\{closure}()
#10 D:\\Workspace\\SnapBot\\gerenciamento-dispositivos-backend\\vendor\\laravel\\framework\\src\\Illuminate\\Database\\Eloquent\\Builder.php(1127): tap()
#11 D:\\Workspace\\SnapBot\\gerenciamento-dispositivos-backend\\vendor\\laravel\\framework\\src\\Illuminate\\Support\\Traits\\ForwardsCalls.php(23): Illuminate\\Database\\Eloquent\\Builder->create()
#12 D:\\Workspace\\SnapBot\\gerenciamento-dispositivos-backend\\vendor\\laravel\\framework\\src\\Illuminate\\Database\\Eloquent\\Model.php(2372): Illuminate\\Database\\Eloquent\\Model->forwardCallTo()
#13 D:\\Workspace\\SnapBot\\gerenciamento-dispositivos-backend\\vendor\\laravel\\framework\\src\\Illuminate\\Database\\Eloquent\\Model.php(2384): Illuminate\\Database\\Eloquent\\Model->__call()
#14 D:\\Workspace\\SnapBot\\gerenciamento-dispositivos-backend\\app\\Http\\Controllers\\DeviceController.php(29): Illuminate\\Database\\Eloquent\\Model::__callStatic()
#15 D:\\Workspace\\SnapBot\\gerenciamento-dispositivos-backend\\vendor\\laravel\\framework\\src\\Illuminate\\Routing\\ControllerDispatcher.php(47): App\\Http\\Controllers\\DeviceController->store()
#16 D:\\Workspace\\SnapBot\\gerenciamento-dispositivos-backend\\vendor\\laravel\\framework\\src\\Illuminate\\Routing\\Route.php(266): Illuminate\\Routing\\ControllerDispatcher->dispatch()
#17 D:\\Workspace\\SnapBot\\gerenciamento-dispositivos-backend\\vendor\\laravel\\framework\\src\\Illuminate\\Routing\\Route.php(212): Illuminate\\Routing\\Route->runController()
#18 D:\\Workspace\\SnapBot\\gerenciamento-dispositivos-backend\\vendor\\laravel\\framework\\src\\Illuminate\\Routing\\Router.php(808): Illuminate\\Routing\\Route->run()
#19 D:\\Workspace\\SnapBot\\gerenciamento-dispositivos-backend\\vendor\\laravel\\framework\\src\\Illuminate\\Pipeline\\Pipeline.php(170): Illuminate\\Routing\\Router->Illuminate\\Routing\\{closure}()
#20 D:\\Workspace\\SnapBot\\gerenciamento-dispositivos-backend\\vendor\\laravel\\framework\\src\\Illuminate\\Routing\\Middleware\\SubstituteBindings.php(51): Illuminate\\Pipeline\\Pipeline->Illuminate\\Pipeline\\{closure}()
#21 D:\\Workspace\\SnapBot\\gerenciamento-dispositivos-backend\\vendor\\laravel\\framework\\src\\Illuminate\\Pipeline\\Pipeline.php(209): Illuminate\\Routing\\Middleware\\SubstituteBindings->handle()
#22 D:\\Workspace\\SnapBot\\gerenciamento-dispositivos-backend\\vendor\\laravel\\framework\\src\\Illuminate\\Pipeline\\Pipeline.php(127): Illuminate\\Pipeline\\Pipeline->Illuminate\\Pipeline\\{closure}()
#23 D:\\Workspace\\SnapBot\\gerenciamento-dispositivos-backend\\vendor\\laravel\\framework\\src\\Illuminate\\Routing\\Router.php(807): Illuminate\\Pipeline\\Pipeline->then()
#24 D:\\Workspace\\SnapBot\\gerenciamento-dispositivos-backend\\vendor\\laravel\\framework\\src\\Illuminate\\Routing\\Router.php(786): Illuminate\\Routing\\Router->runRouteWithinStack()
#25 D:\\Workspace\\SnapBot\\gerenciamento-dispositivos-backend\\vendor\\laravel\\framework\\src\\Illuminate\\Routing\\Router.php(750): Illuminate\\Routing\\Router->runRoute()
#26 D:\\Workspace\\SnapBot\\gerenciamento-dispositivos-backend\\vendor\\laravel\\framework\\src\\Illuminate\\Routing\\Router.php(739): Illuminate\\Routing\\Router->dispatchToRoute()
#27 D:\\Workspace\\SnapBot\\gerenciamento-dispositivos-backend\\vendor\\laravel\\framework\\src\\Illuminate\\Foundation\\Http\\Kernel.php(201): Illuminate\\Routing\\Router->dispatch()
#28 D:\\Workspace\\SnapBot\\gerenciamento-dispositivos-backend\\vendor\\laravel\\framework\\src\\Illuminate\\Pipeline\\Pipeline.php(170): Illuminate\\Foundation\\Http\\Kernel->Illuminate\\Foundation\\Http\\{closure}()
#29 D:\\Workspace\\SnapBot\\gerenciamento-dispositivos-backend\\vendor\\laravel\\framework\\src\\Illuminate\\Foundation\\Http\\Middleware\\TransformsRequest.php(21): Illuminate\\Pipeline\\Pipeline->Illuminate\\Pipeline\\{closure}()
#30 D:\\Workspace\\SnapBot\\gerenciamento-dispositivos-backend\\vendor\\laravel\\framework\\src\\Illuminate\\Foundation\\Http\\Middleware\\ConvertEmptyStringsToNull.php(31): Illuminate\\Foundation\\Http\\Middleware\\TransformsRequest->handle()
#31 D:\\Workspace\\SnapBot\\gerenciamento-dispositivos-backend\\vendor\\laravel\\framework\\src\\Illuminate\\Pipeline\\Pipeline.php(209): Illuminate\\Foundation\\Http\\Middleware\\ConvertEmptyStringsToNull->handle()
#32 D:\\Workspace\\SnapBot\\gerenciamento-dispositivos-backend\\vendor\\laravel\\framework\\src\\Illuminate\\Foundation\\Http\\Middleware\\TransformsRequest.php(21): Illuminate\\Pipeline\\Pipeline->Illuminate\\Pipeline\\{closure}()
#33 D:\\Workspace\\SnapBot\\gerenciamento-dispositivos-backend\\vendor\\laravel\\framework\\src\\Illuminate\\Foundation\\Http\\Middleware\\TrimStrings.php(51): Illuminate\\Foundation\\Http\\Middleware\\TransformsRequest->handle()
#34 D:\\Workspace\\SnapBot\\gerenciamento-dispositivos-backend\\vendor\\laravel\\framework\\src\\Illuminate\\Pipeline\\Pipeline.php(209): Illuminate\\Foundation\\Http\\Middleware\\TrimStrings->handle()
#35 D:\\Workspace\\SnapBot\\gerenciamento-dispositivos-backend\\vendor\\laravel\\framework\\src\\Illuminate\\Http\\Middleware\\ValidatePostSize.php(27): Illuminate\\Pipeline\\Pipeline->Illuminate\\Pipeline\\{closure}()
#36 D:\\Workspace\\SnapBot\\gerenciamento-dispositivos-backend\\vendor\\laravel\\framework\\src\\Illuminate\\Pipeline\\Pipeline.php(209): Illuminate\\Http\\Middleware\\ValidatePostSize->handle()
#37 D:\\Workspace\\SnapBot\\gerenciamento-dispositivos-backend\\vendor\\laravel\\framework\\src\\Illuminate\\Foundation\\Http\\Middleware\\PreventRequestsDuringMaintenance.php(110): Illuminate\\Pipeline\\Pipeline->Illuminate\\Pipeline\\{closure}()
#38 D:\\Workspace\\SnapBot\\gerenciamento-dispositivos-backend\\vendor\\laravel\\framework\\src\\Illuminate\\Pipeline\\Pipeline.php(209): Illuminate\\Foundation\\Http\\Middleware\\PreventRequestsDuringMaintenance->handle()
#39 D:\\Workspace\\SnapBot\\gerenciamento-dispositivos-backend\\vendor\\laravel\\framework\\src\\Illuminate\\Http\\Middleware\\HandleCors.php(62): Illuminate\\Pipeline\\Pipeline->Illuminate\\Pipeline\\{closure}()
#40 D:\\Workspace\\SnapBot\\gerenciamento-dispositivos-backend\\vendor\\laravel\\framework\\src\\Illuminate\\Pipeline\\Pipeline.php(209): Illuminate\\Http\\Middleware\\HandleCors->handle()
#41 D:\\Workspace\\SnapBot\\gerenciamento-dispositivos-backend\\vendor\\laravel\\framework\\src\\Illuminate\\Http\\Middleware\\TrustProxies.php(58): Illuminate\\Pipeline\\Pipeline->Illuminate\\Pipeline\\{closure}()
#42 D:\\Workspace\\SnapBot\\gerenciamento-dispositivos-backend\\vendor\\laravel\\framework\\src\\Illuminate\\Pipeline\\Pipeline.php(209): Illuminate\\Http\\Middleware\\TrustProxies->handle()
#43 D:\\Workspace\\SnapBot\\gerenciamento-dispositivos-backend\\vendor\\laravel\\framework\\src\\Illuminate\\Foundation\\Http\\Middleware\\InvokeDeferredCallbacks.php(22): Illuminate\\Pipeline\\Pipeline->Illuminate\\Pipeline\\{closure}()
#44 D:\\Workspace\\SnapBot\\gerenciamento-dispositivos-backend\\vendor\\laravel\\framework\\src\\Illuminate\\Pipeline\\Pipeline.php(209): Illuminate\\Foundation\\Http\\Middleware\\InvokeDeferredCallbacks->handle()
#45 D:\\Workspace\\SnapBot\\gerenciamento-dispositivos-backend\\vendor\\laravel\\framework\\src\\Illuminate\\Http\\Middleware\\ValidatePathEncoding.php(26): Illuminate\\Pipeline\\Pipeline->Illuminate\\Pipeline\\{closure}()
#46 D:\\Workspace\\SnapBot\\gerenciamento-dispositivos-backend\\vendor\\laravel\\framework\\src\\Illuminate\\Pipeline\\Pipeline.php(209): Illuminate\\Http\\Middleware\\ValidatePathEncoding->handle()
#47 D:\\Workspace\\SnapBot\\gerenciamento-dispositivos-backend\\vendor\\laravel\\framework\\src\\Illuminate\\Pipeline\\Pipeline.php(127): Illuminate\\Pipeline\\Pipeline->Illuminate\\Pipeline\\{closure}()
#48 D:\\Workspace\\SnapBot\\gerenciamento-dispositivos-backend\\vendor\\laravel\\framework\\src\\Illuminate\\Foundation\\Http\\Kernel.php(176): Illuminate\\Pipeline\\Pipeline->then()
#49 D:\\Workspace\\SnapBot\\gerenciamento-dispositivos-backend\\vendor\\laravel\\framework\\src\\Illuminate\\Foundation\\Http\\Kernel.php(145): Illuminate\\Foundation\\Http\\Kernel->sendRequestThroughRouter()
#50 D:\\Workspace\\SnapBot\\gerenciamento-dispositivos-backend\\vendor\\laravel\\framework\\src\\Illuminate\\Foundation\\Application.php(1220): Illuminate\\Foundation\\Http\\Kernel->handle()
#51 D:\\Workspace\\SnapBot\\gerenciamento-dispositivos-backend\\public\\index.php(20): Illuminate\\Foundation\\Application->handleRequest()
#52 D:\\Workspace\\SnapBot\\gerenciamento-dispositivos-backend\\vendor\\laravel\\framework\\src\\Illuminate\\Foundation\\resources\\server.php(23): require_once('...')
#53 {main}

[previous exception] [object] (PDOException(code: HY000): SQLSTATE[HY000]: General error: 1364 Field 'location' doesn't have a default value at D:\\Workspace\\SnapBot\\gerenciamento-dispositivos-backend\\vendor\\laravel\\framework\\src\\Illuminate\\Database\\MySqlConnection.php:53)
[stacktrace]
#0 D:\\Workspace\\SnapBot\\gerenciamento-dispositivos-backend\\vendor\\laravel\\framework\\src\\Illuminate\\Database\\MySqlConnection.php(53): PDOStatement->execute()
#1 D:\\Workspace\\SnapBot\\gerenciamento-dispositivos-backend\\vendor\\laravel\\framework\\src\\Illuminate\\Database\\Connection.php(810): Illuminate\\Database\\MySqlConnection->Illuminate\\Database\\{closure}()
#2 D:\\Workspace\\SnapBot\\gerenciamento-dispositivos-backend\\vendor\\laravel\\framework\\src\\Illuminate\\Database\\Connection.php(777): Illuminate\\Database\\Connection->runQueryCallback()
#3 D:\\Workspace\\SnapBot\\gerenciamento-dispositivos-backend\\vendor\\laravel\\framework\\src\\Illuminate\\Database\\MySqlConnection.php(42): Illuminate\\Database\\Connection->run()
#4 D:\\Workspace\\SnapBot\\gerenciamento-dispositivos-backend\\vendor\\laravel\\framework\\src\\Illuminate\\Database\\Query\\Processors\\MySqlProcessor.php(35): Illuminate\\Database\\MySqlConnection->insert()
#5 D:\\Workspace\\SnapBot\\gerenciamento-dispositivos-backend\\vendor\\laravel\\framework\\src\\Illuminate\\Database\\Query\\Builder.php(3766): Illuminate\\Database\\Query\\Processors\\MySqlProcessor->processInsertGetId()
#6 D:\\Workspace\\SnapBot\\gerenciamento-dispositivos-backend\\vendor\\laravel\\framework\\src\\Illuminate\\Database\\Eloquent\\Builder.php(2140): Illuminate\\Database\\Query\\Builder->insertGetId()
#7 D:\\Workspace\\SnapBot\\gerenciamento-dispositivos-backend\\vendor\\laravel\\framework\\src\\Illuminate\\Database\\Eloquent\\Model.php(1359): Illuminate\\Database\\Eloquent\\Builder->__call()
#8 D:\\Workspace\\SnapBot\\gerenciamento-dispositivos-backend\\vendor\\laravel\\framework\\src\\Illuminate\\Database\\Eloquent\\Model.php(1324): Illuminate\\Database\\Eloquent\\Model->insertAndSetId()
#9 D:\\Workspace\\SnapBot\\gerenciamento-dispositivos-backend\\vendor\\laravel\\framework\\src\\Illuminate\\Database\\Eloquent\\Model.php(1163): Illuminate\\Database\\Eloquent\\Model->performInsert()
#10 D:\\Workspace\\SnapBot\\gerenciamento-dispositivos-backend\\vendor\\laravel\\framework\\src\\Illuminate\\Database\\Eloquent\\Builder.php(1128): Illuminate\\Database\\Eloquent\\Model->save()
#11 D:\\Workspace\\SnapBot\\gerenciamento-dispositivos-backend\\vendor\\laravel\\framework\\src\\Illuminate\\Support\\helpers.php(399): Illuminate\\Database\\Eloquent\\Builder->Illuminate\\Database\\Eloquent\\{closure}()
#12 D:\\Workspace\\SnapBot\\gerenciamento-dispositivos-backend\\vendor\\laravel\\framework\\src\\Illuminate\\Database\\Eloquent\\Builder.php(1127): tap()
#13 D:\\Workspace\\SnapBot\\gerenciamento-dispositivos-backend\\vendor\\laravel\\framework\\src\\Illuminate\\Support\\Traits\\ForwardsCalls.php(23): Illuminate\\Database\\Eloquent\\Builder->create()
#14 D:\\Workspace\\SnapBot\\gerenciamento-dispositivos-backend\\vendor\\laravel\\framework\\src\\Illuminate\\Database\\Eloquent\\Model.php(2372): Illuminate\\Database\\Eloquent\\Model->forwardCallTo()
#15 D:\\Workspace\\SnapBot\\gerenciamento-dispositivos-backend\\vendor\\laravel\\framework\\src\\Illuminate\\Database\\Eloquent\\Model.php(2384): Illuminate\\Database\\Eloquent\\Model->__call()
#16 D:\\Workspace\\SnapBot\\gerenciamento-dispositivos-backend\\app\\Http\\Controllers\\DeviceController.php(29): Illuminate\\Database\\Eloquent\\Model::__callStatic()
#17 D:\\Workspace\\SnapBot\\gerenciamento-dispositivos-backend\\vendor\\laravel\\framework\\src\\Illuminate\\Routing\\ControllerDispatcher.php(47): App\\Http\\Controllers\\DeviceController->store()
#18 D:\\Workspace\\SnapBot\\gerenciamento-dispositivos-backend\\vendor\\laravel\\framework\\src\\Illuminate\\Routing\\Route.php(266): Illuminate\\Routing\\ControllerDispatcher->dispatch()
#19 D:\\Workspace\\SnapBot\\gerenciamento-dispositivos-backend\\vendor\\laravel\\framework\\src\\Illuminate\\Routing\\Route.php(212): Illuminate\\Routing\\Route->runController()
#20 D:\\Workspace\\SnapBot\\gerenciamento-dispositivos-backend\\vendor\\laravel\\framework\\src\\Illuminate\\Routing\\Router.php(808): Illuminate\\Routing\\Route->run()
#21 D:\\Workspace\\SnapBot\\gerenciamento-dispositivos-backend\\vendor\\laravel\\framework\\src\\Illuminate\\Pipeline\\Pipeline.php(170): Illuminate\\Routing\\Router->Illuminate\\Routing\\{closure}()
#22 D:\\Workspace\\SnapBot\\gerenciamento-dispositivos-backend\\vendor\\laravel\\framework\\src\\Illuminate\\Routing\\Middleware\\SubstituteBindings.php(51): Illuminate\\Pipeline\\Pipeline->Illuminate\\Pipeline\\{closure}()
#23 D:\\Workspace\\SnapBot\\gerenciamento-dispositivos-backend\\vendor\\laravel\\framework\\src\\Illuminate\\Pipeline\\Pipeline.php(209): Illuminate\\Routing\\Middleware\\SubstituteBindings->handle()
#24 D:\\Workspace\\SnapBot\\gerenciamento-dispositivos-backend\\vendor\\laravel\\framework\\src\\Illuminate\\Pipeline\\Pipeline.php(127): Illuminate\\Pipeline\\Pipeline->Illuminate\\Pipeline\\{closure}()
#25 D:\\Workspace\\SnapBot\\gerenciamento-dispositivos-backend\\vendor\\laravel\\framework\\src\\Illuminate\\Routing\\Router.php(807): Illuminate\\Pipeline\\Pipeline->then()
#26 D:\\Workspace\\SnapBot\\gerenciamento-dispositivos-backend\\vendor\\laravel\\framework\\src\\Illuminate\\Routing\\Router.php(786): Illuminate\\Routing\\Router->runRouteWithinStack()
#27 D:\\Workspace\\SnapBot\\gerenciamento-dispositivos-backend\\vendor\\laravel\\framework\\src\\Illuminate\\Routing\\Router.php(750): Illuminate\\Routing\\Router->runRoute()
#28 D:\\Workspace\\SnapBot\\gerenciamento-dispositivos-backend\\vendor\\laravel\\framework\\src\\Illuminate\\Routing\\Router.php(739): Illuminate\\Routing\\Router->dispatchToRoute()
#29 D:\\Workspace\\SnapBot\\gerenciamento-dispositivos-backend\\vendor\\laravel\\framework\\src\\Illuminate\\Foundation\\Http\\Kernel.php(201): Illuminate\\Routing\\Router->dispatch()
#30 D:\\Workspace\\SnapBot\\gerenciamento-dispositivos-backend\\vendor\\laravel\\framework\\src\\Illuminate\\Pipeline\\Pipeline.php(170): Illuminate\\Foundation\\Http\\Kernel->Illuminate\\Foundation\\Http\\{closure}()
#31 D:\\Workspace\\SnapBot\\gerenciamento-dispositivos-backend\\vendor\\laravel\\framework\\src\\Illuminate\\Foundation\\Http\\Middleware\\TransformsRequest.php(21): Illuminate\\Pipeline\\Pipeline->Illuminate\\Pipeline\\{closure}()
#32 D:\\Workspace\\SnapBot\\gerenciamento-dispositivos-backend\\vendor\\laravel\\framework\\src\\Illuminate\\Foundation\\Http\\Middleware\\ConvertEmptyStringsToNull.php(31): Illuminate\\Foundation\\Http\\Middleware\\TransformsRequest->handle()
#33 D:\\Workspace\\SnapBot\\gerenciamento-dispositivos-backend\\vendor\\laravel\\framework\\src\\Illuminate\\Pipeline\\Pipeline.php(209): Illuminate\\Foundation\\Http\\Middleware\\ConvertEmptyStringsToNull->handle()
#34 D:\\Workspace\\SnapBot\\gerenciamento-dispositivos-backend\\vendor\\laravel\\framework\\src\\Illuminate\\Foundation\\Http\\Middleware\\TransformsRequest.php(21): Illuminate\\Pipeline\\Pipeline->Illuminate\\Pipeline\\{closure}()
#35 D:\\Workspace\\SnapBot\\gerenciamento-dispositivos-backend\\vendor\\laravel\\framework\\src\\Illuminate\\Foundation\\Http\\Middleware\\TrimStrings.php(51): Illuminate\\Foundation\\Http\\Middleware\\TransformsRequest->handle()
#36 D:\\Workspace\\SnapBot\\gerenciamento-dispositivos-backend\\vendor\\laravel\\framework\\src\\Illuminate\\Pipeline\\Pipeline.php(209): Illuminate\\Foundation\\Http\\Middleware\\TrimStrings->handle()
#37 D:\\Workspace\\SnapBot\\gerenciamento-dispositivos-backend\\vendor\\laravel\\framework\\src\\Illuminate\\Http\\Middleware\\ValidatePostSize.php(27): Illuminate\\Pipeline\\Pipeline->Illuminate\\Pipeline\\{closure}()
#38 D:\\Workspace\\SnapBot\\gerenciamento-dispositivos-backend\\vendor\\laravel\\framework\\src\\Illuminate\\Pipeline\\Pipeline.php(209): Illuminate\\Http\\Middleware\\ValidatePostSize->handle()
#39 D:\\Workspace\\SnapBot\\gerenciamento-dispositivos-backend\\vendor\\laravel\\framework\\src\\Illuminate\\Foundation\\Http\\Middleware\\PreventRequestsDuringMaintenance.php(110): Illuminate\\Pipeline\\Pipeline->Illuminate\\Pipeline\\{closure}()
#40 D:\\Workspace\\SnapBot\\gerenciamento-dispositivos-backend\\vendor\\laravel\\framework\\src\\Illuminate\\Pipeline\\Pipeline.php(209): Illuminate\\Foundation\\Http\\Middleware\\PreventRequestsDuringMaintenance->handle()
#41 D:\\Workspace\\SnapBot\\gerenciamento-dispositivos-backend\\vendor\\laravel\\framework\\src\\Illuminate\\Http\\Middleware\\HandleCors.php(62): Illuminate\\Pipeline\\Pipeline->Illuminate\\Pipeline\\{closure}()
#42 D:\\Workspace\\SnapBot\\gerenciamento-dispositivos-backend\\vendor\\laravel\\framework\\src\\Illuminate\\Pipeline\\Pipeline.php(209): Illuminate\\Http\\Middleware\\HandleCors->handle()
#43 D:\\Workspace\\SnapBot\\gerenciamento-dispositivos-backend\\vendor\\laravel\\framework\\src\\Illuminate\\Http\\Middleware\\TrustProxies.php(58): Illuminate\\Pipeline\\Pipeline->Illuminate\\Pipeline\\{closure}()
#44 D:\\Workspace\\SnapBot\\gerenciamento-dispositivos-backend\\vendor\\laravel\\framework\\src\\Illuminate\\Pipeline\\Pipeline.php(209): Illuminate\\Http\\Middleware\\TrustProxies->handle()
#45 D:\\Workspace\\SnapBot\\gerenciamento-dispositivos-backend\\vendor\\laravel\\framework\\src\\Illuminate\\Foundation\\Http\\Middleware\\InvokeDeferredCallbacks.php(22): Illuminate\\Pipeline\\Pipeline->Illuminate\\Pipeline\\{closure}()
#46 D:\\Workspace\\SnapBot\\gerenciamento-dispositivos-backend\\vendor\\laravel\\framework\\src\\Illuminate\\Pipeline\\Pipeline.php(209): Illuminate\\Foundation\\Http\\Middleware\\InvokeDeferredCallbacks->handle()
#47 D:\\Workspace\\SnapBot\\gerenciamento-dispositivos-backend\\vendor\\laravel\\framework\\src\\Illuminate\\Http\\Middleware\\ValidatePathEncoding.php(26): Illuminate\\Pipeline\\Pipeline->Illuminate\\Pipeline\\{closure}()
#48 D:\\Workspace\\SnapBot\\gerenciamento-dispositivos-backend\\vendor\\laravel\\framework\\src\\Illuminate\\Pipeline\\Pipeline.php(209): Illuminate\\Http\\Middleware\\ValidatePathEncoding->handle()
#49 D:\\Workspace\\SnapBot\\gerenciamento-dispositivos-backend\\vendor\\laravel\\framework\\src\\Illuminate\\Pipeline\\Pipeline.php(127): Illuminate\\Pipeline\\Pipeline->Illuminate\\Pipeline\\{closure}()
#50 D:\\Workspace\\SnapBot\\gerenciamento-dispositivos-backend\\vendor\\laravel\\framework\\src\\Illuminate\\Foundation\\Http\\Kernel.php(176): Illuminate\\Pipeline\\Pipeline->then()
#51 D:\\Workspace\\SnapBot\\gerenciamento-dispositivos-backend\\vendor\\laravel\\framework\\src\\Illuminate\\Foundation\\Http\\Kernel.php(145): Illuminate\\Foundation\\Http\\Kernel->sendRequestThroughRouter()
#52 D:\\Workspace\\SnapBot\\gerenciamento-dispositivos-backend\\vendor\\laravel\\framework\\src\\Illuminate\\Foundation\\Application.php(1220): Illuminate\\Foundation\\Http\\Kernel->handle()
#53 D:\\Workspace\\SnapBot\\gerenciamento-dispositivos-backend\\public\\index.php(20): Illuminate\\Foundation\\Application->handleRequest()
#54 D:\\Workspace\\SnapBot\\gerenciamento-dispositivos-backend\\vendor\\laravel\\framework\\src\\Illuminate\\Foundation\\resources\\server.php(23): require_once('...')
#55 {main}
"} 
